<?xml version="1.0" encoding="utf-8"?><testsuites name="pytest tests"><testsuite name="pytest" errors="0" failures="0" skipped="0" tests="16" time="4.111" timestamp="2026-05-15T13:28:42.194258+00:00" hostname="agent-env-4aa460ae-0a5a-4993-bfab-c89586cb9798"><testcase classname="tests.test_manual_order_and_mappings.TestHealthAndAuth" name="test_health" time="0.138" /><testcase classname="tests.test_manual_order_and_mappings.TestHealthAndAuth" name="test_admin_login_and_me" time="0.469" /><testcase classname="tests.test_manual_order_and_mappings.TestHealthAndAuth" name="test_brokers_status" time="0.113" /><testcase classname="tests.test_manual_order_and_mappings.TestHealthAndAuth" name="test_list_alerts" time="0.117" /><testcase classname="tests.test_manual_order_and_mappings.TestHealthAndAuth" name="test_list_trade_logs" time="0.104" /><testcase classname="tests.test_manual_order_and_mappings.TestSymbolMappingsBugFix" name="test_create_with_quantity_and_persist_and_delete" time="0.498" /><testcase classname="tests.test_manual_order_and_mappings.TestSymbolMappingsBugFix" name="test_create_with_amount" time="0.239" /><testcase classname="tests.test_manual_order_and_mappings.TestManualOrder" name="test_manual_order_skipped_when_not_authenticated[kotak_neo]" time="0.114" /><testcase classname="tests.test_manual_order_and_mappings.TestManualOrder" name="test_manual_order_skipped_when_not_authenticated[dhan]" time="0.129" /><testcase classname="tests.test_manual_order_and_mappings.TestManualOrder" name="test_manual_order_skipped_when_not_authenticated[alice_blue]" time="0.117" /><testcase classname="tests.test_manual_order_and_mappings.TestManualOrder" name="test_unsupported_broker_returns_400" time="0.130" /><testcase classname="tests.test_manual_order_and_mappings.TestManualOrder" name="test_auto_ema_sl_skipped_for_sell" time="0.121" /><testcase classname="tests.test_manual_order_and_mappings.TestManualOrder" name="test_limit_order_with_price_zero_accepted" time="0.108" /><testcase classname="tests.test_manual_order_and_mappings.TestManualOrder" name="test_trade_log_written_for_manual" time="0.234" /><testcase classname="tests.test_manual_order_and_mappings.TestEmaPreview" name="test_ema_preview_reliance" time="0.476" /><testcase classname="tests.test_manual_order_and_mappings.TestEmaPreview" name="test_ema_preview_nonexistent_symbol" time="0.956" /></testsuite></testsuites>