<?xml version="1.0" encoding="utf-8"?><testsuites name="pytest tests"><testsuite name="pytest" errors="0" failures="0" skipped="0" tests="18" time="3.727" timestamp="2026-05-03T13:23:30.722654+00:00" hostname="agent-env-4aa460ae-0a5a-4993-bfab-c89586cb9798"><testcase classname="tests.backend_test.TestHealth" name="test_health" time="0.137" /><testcase classname="tests.backend_test.TestHealth" name="test_root" time="0.107" /><testcase classname="tests.backend_test.TestAuth" name="test_auth_me_no_token" time="0.195" /><testcase classname="tests.backend_test.TestAuth" name="test_auth_me_invalid_token" time="0.115" /><testcase classname="tests.backend_test.TestAuth" name="test_auth_me_valid" time="0.110" /><testcase classname="tests.backend_test.TestKotakCredentials" name="test_save_credentials" time="0.114" /><testcase classname="tests.backend_test.TestKotakCredentials" name="test_status_after_save" time="0.124" /><testcase classname="tests.backend_test.TestKotakCredentials" name="test_kotak_login_invalid_creds" time="0.951" /><testcase classname="tests.backend_test.TestKotakCredentials" name="test_kotak_positions_not_auth" time="0.105" /><testcase classname="tests.backend_test.TestKotakCredentials" name="test_ema_sl_run_not_auth" time="0.106" /><testcase classname="tests.backend_test.TestChartinkWebhook" name="test_webhook_unknown_token" time="0.111" /><testcase classname="tests.backend_test.TestChartinkWebhook" name="test_webhook_json_payload" time="0.216" /><testcase classname="tests.backend_test.TestChartinkWebhook" name="test_webhook_logs_contains_entry" time="0.403" /><testcase classname="tests.backend_test.TestChartinkWebhook" name="test_webhook_form_urlencoded" time="0.210" /><testcase classname="tests.backend_test.TestAlerts" name="test_alerts_full_crud" time="0.299" /><testcase classname="tests.backend_test.TestLogs" name="test_trade_logs" time="0.106" /><testcase classname="tests.backend_test.TestLogs" name="test_ema_sl_logs" time="0.106" /><testcase classname="tests.backend_test.TestZCleanup" name="test_delete_kotak_credentials" time="0.178" /></testsuite></testsuites>